Program received signal SIGSEGV, Segmentation fault.
[----------------------------------registers-----------------------------------]
RAX: 0x7fffffffd998 --> 0x7fffdba609d8 (     <c10::callUnboxedKernelFunction<at::Tensor, at::Tensor const&, long, long, long>(void*, c10::OperatorKernel*, at::Tensor const&, long&&, long&&, long&&)+151>:     mov    rax,QWORD PTR [rbp-0x38])
RBX: 0x7fffffffd7c8 --> 0x3
RCX: 0x7ffffffde018 --> 0x0
RDX: 0xfffffffffffe06a8
RSI: 0x7fffffffd990 --> 0x7fffffffda10 --> 0x7fffffffdaf0 --> 0x7fffffffdd00 --> 0x7fffffffdd80 --> 0x7fffffffde00 (--> ...)
RDI: 0x7fffffffd998 --> 0x7fffdba609d8 (     <c10::callUnboxedKernelFunction<at::Tensor, at::Tensor const&, long, long, long>(void*, c10::OperatorKernel*, at::Tensor const&, long&&, long&&, long&&)+151>:     mov    rax,QWORD PTR [rbp-0x38])
RBP: 0x7fffffffd610 --> 0xffffffffffffffc7
RSP: 0x7fffffffd5d8 --> 0x7fffffffd650 --> 0x1007fffffffd990
RIP: 0x7ffff7951d81 (<__memmove_avx_unaligned_erms+881>:        )
R8 : 0x10
R9 : 0x7ffffffde020 --> 0x0
R10: 0x7fffffffd5c0 --> 0x5555579cdea0 --> 0x5555579d39d0 --> 0x7fffebd63f90 --> 0x7fffea992b24 (     <torch::autograd::AutogradMeta::set_requires_grad(bool, c10::TensorImpl*)>:       push   rbp)
R11: 0x7fffffffd7b0 --> 0x39 ('9')
R12: 0x7fffffffd7d0 --> 0x3
R13: 0x39 ('9')
R14: 0x7fffdbd25cf0 (     <at::(anonymous namespace)::_remove_batch_dim(at::Tensor const&, int64_t, int64_t, int64_t)>: push   rbp)
R15: 0x5555556d3a20 (<PyCFunction_Call>:        mov    rcx,QWORD PTR [rdi+0x10])
EFLAGS: 0x10286 (carry PARITY adjust zero SIGN trap INTERRUPT direction overflow)
[-------------------------------------code-------------------------------------]
   0x7ffff7951d6f <__memmove_avx_unaligned_erms+863>:
    prefetcht0 BYTE PTR [rcx-0x180]
   0x7ffff7951d76 <__memmove_avx_unaligned_erms+870>:
    prefetcht0 BYTE PTR [rcx-0x1c0]
   0x7ffff7951d7d <__memmove_avx_unaligned_erms+877>:
    vmovdqu ymm0,YMMWORD PTR [rcx]
=> 0x7ffff7951d81 <__memmove_avx_unaligned_erms+881>:
    vmovdqu ymm1,YMMWORD PTR [rcx-0x20]
   0x7ffff7951d86 <__memmove_avx_unaligned_erms+886>:
    vmovdqu ymm2,YMMWORD PTR [rcx-0x40]
   0x7ffff7951d8b <__memmove_avx_unaligned_erms+891>:
    vmovdqu ymm3,YMMWORD PTR [rcx-0x60]
   0x7ffff7951d90 <__memmove_avx_unaligned_erms+896>:   sub    rcx,0x80
   0x7ffff7951d97 <__memmove_avx_unaligned_erms+903>:   sub    rdx,0x80
[------------------------------------stack-------------------------------------]
0000| 0x7fffffffd5d8 --> 0x7fffffffd650 --> 0x1007fffffffd990
0008| 0x7fffffffd5e0 --> 0x7fffeb1acd22 (     <std::__copy_move_backward<true, true, std::random_access_iterator_tag>::__copy_move_b<long>(long const*, long const*, long*)+97>:        )
0016| 0x7fffffffd5e8 --> 0x7f27ffffd6b0
0024| 0x7fffffffd5f0 --> 0x7fffffffd7d0 --> 0x3
0032| 0x7fffffffd5f8 --> 0x7fffffffd7c8 --> 0x3
0040| 0x7fffffffd600 --> 0x7fffffffd990 --> 0x7fffffffda10 --> 0x7fffffffdaf0 --> 0x7fffffffdd00 --> 0x7fffffffdd80 (--> ...)
0048| 0x7fffffffd608 --> 0x7fffffffd630 --> 0x7fffffffd7d0 --> 0x3
0056| 0x7fffffffd610 --> 0xffffffffffffffc7
[------------------------------------------------------------------------------]
Legend: code, data, rodata, value
Stopped reason: SIGSEGV
__memmove_avx_unaligned_erms ()
    at ../sysdeps/x86_64/multiarch/memmove-vec-unaligned-erms.S:528
528     ../sysdeps/x86_64/multiarch/memmove-vec-unaligned-erms.S: No such file or directory.
gdb-peda$ bt
#0  __memmove_avx_unaligned_erms ()
    at ../sysdeps/x86_64/multiarch/memmove-vec-unaligned-erms.S:528
#1  0x00007fffffffd650 in ?? ()
#2  0x00007fffeb1acd22 in std::__copy_move_backward<true, true, std::random_access_iterator_tag>::__copy_move_b<long> (__first=0x7fffffffd7c8,
    __last=0x7fffffffd7d0, __result=0x7f27ffffd6b0)
    at /usr/include/c++/7/bits/stl_algobase.h:570
#3  0x00007fffffffd650 in ?? ()
#4  0x00007fffeb1ab432 in std::__copy_move_backward_a<true, long*, long*> (
    __first=<error reading variable: Cannot access memory at address 0xffffffffffffffaf>,
    __last=<error reading variable: Cannot access memory at address 0xffffffffffffffa7>,
    __result=<error reading variable: Cannot access memory at address 0xffffffffffffff9f>) at /usr/include/c++/7/bits/stl_algobase.h:590
Backtrace stopped: Cannot access memory at address 0xffffffffffffffcf
